#! /c/Source/iverilog-install/bin/vvp
:ivl_version "12.0 (devel)" "(s20150603-1539-g2693dd32b)";
:ivl_delay_selection "TYPICAL";
:vpi_time_precision + 0;
:vpi_module "C:\iverilog\lib\ivl\system.vpi";
:vpi_module "C:\iverilog\lib\ivl\vhdl_sys.vpi";
:vpi_module "C:\iverilog\lib\ivl\vhdl_textio.vpi";
:vpi_module "C:\iverilog\lib\ivl\v2005_math.vpi";
:vpi_module "C:\iverilog\lib\ivl\va_math.vpi";
S_00000216f7043a00 .scope module, "tb_agtb_n" "tb_agtb_n" 2 46;
 .timescale 0 0;
v00000216f70abea0_0 .var "A", 3 0;
v00000216f70ab360_0 .var "AEQBI", 0 0;
v00000216f70ac4e0_0 .net "AEQBO", 0 0, L_00000216f70ac1c0;  1 drivers
v00000216f70abf40_0 .var "AGTBI", 0 0;
v00000216f70ab7c0_0 .net "AGTBO", 0 0, L_00000216f70ac620;  1 drivers
v00000216f70acb20_0 .var "B", 3 0;
v00000216f70ac580_0 .var "esperado_AEQBO", 0 0;
v00000216f70ac9e0_0 .var "esperado_AGTBO", 0 0;
S_00000216f7043da0 .scope module, "comp" "agtb_n" 2 56, 2 15 0, S_00000216f7043a00;
 .timescale 0 0;
    .port_info 0 /INPUT 1 "AGTBI";
    .port_info 1 /INPUT 1 "AEQBI";
    .port_info 2 /INPUT 4 "A";
    .port_info 3 /INPUT 4 "B";
    .port_info 4 /OUTPUT 1 "AGTBO";
    .port_info 5 /OUTPUT 1 "AEQBO";
P_00000216f7040b50 .param/l "N" 0 2 15, +C4<00000000000000000000000000000100>;
v00000216f70acda0_0 .net "A", 3 0, v00000216f70abea0_0;  1 drivers
v00000216f70abe00_0 .net "AEQBI", 0 0, v00000216f70ab360_0;  1 drivers
v00000216f70ac440_0 .net "AEQBO", 0 0, L_00000216f70ac1c0;  alias, 1 drivers
v00000216f70ace40_0 .net "AGTBI", 0 0, v00000216f70abf40_0;  1 drivers
v00000216f70ac260_0 .net "AGTBO", 0 0, L_00000216f70ac620;  alias, 1 drivers
v00000216f70ac3a0_0 .net "B", 3 0, v00000216f70acb20_0;  1 drivers
v00000216f70ab900_0 .net "e_int", 3 0, L_00000216f70ac080;  1 drivers
v00000216f70ab9a0_0 .net "m_int", 3 0, L_00000216f70ac940;  1 drivers
L_00000216f70ab720 .part v00000216f70abea0_0, 3, 1;
L_00000216f70aca80 .part v00000216f70acb20_0, 3, 1;
L_00000216f70acf80 .part L_00000216f70ac940, 3, 1;
L_00000216f70ac8a0 .part L_00000216f70ac080, 3, 1;
L_00000216f70ab680 .part v00000216f70abea0_0, 2, 1;
L_00000216f70ab400 .part v00000216f70acb20_0, 2, 1;
L_00000216f70acee0 .part L_00000216f70ac940, 2, 1;
L_00000216f70abfe0 .part L_00000216f70ac080, 2, 1;
L_00000216f70ad020 .part v00000216f70abea0_0, 1, 1;
L_00000216f70ac800 .part v00000216f70acb20_0, 1, 1;
L_00000216f70ad0c0 .part L_00000216f70ac940, 1, 1;
L_00000216f70ac6c0 .part L_00000216f70ac080, 1, 1;
L_00000216f70acbc0 .part v00000216f70abea0_0, 0, 1;
L_00000216f70ad160 .part v00000216f70acb20_0, 0, 1;
L_00000216f70ac940 .concat8 [ 1 1 1 1], L_00000216f7050d10, L_00000216f7050a00, L_00000216f7050610, L_00000216f7050ed0;
L_00000216f70ac080 .concat8 [ 1 1 1 1], L_00000216f70f5930, L_00000216f7050e60, L_00000216f7050df0, L_00000216f7050530;
L_00000216f70ac620 .part L_00000216f70ac940, 0, 1;
L_00000216f70ac1c0 .part L_00000216f70ac080, 0, 1;
S_00000216f70497d0 .scope generate, "genblk1[0]" "genblk1[0]" 2 29, 2 29 0, S_00000216f7043da0;
 .timescale 0 0;
P_00000216f7040bd0 .param/l "i" 0 2 29, +C4<00>;
S_00000216f7049960 .scope module, "comp" "agtb" 2 31, 2 2 0, S_00000216f70497d0;
 .timescale 0 0;
    .port_info 0 /INPUT 1 "AGTBI";
    .port_info 1 /INPUT 1 "AEQBI";
    .port_info 2 /INPUT 1 "A";
    .port_info 3 /INPUT 1 "B";
    .port_info 4 /OUTPUT 1 "AGTBO";
    .port_info 5 /OUTPUT 1 "AEQBO";
L_00000216f7050290 .functor NOT 1, L_00000216f70ad160, C4<0>, C4<0>, C4<0>;
L_00000216f7050ae0 .functor AND 1, L_00000216f70acbc0, L_00000216f7050290, C4<1>, C4<1>;
L_00000216f7050300 .functor AND 1, L_00000216f7050ae0, L_00000216f70ac6c0, C4<1>, C4<1>;
L_00000216f7050d10 .functor OR 1, L_00000216f7050300, L_00000216f70ad0c0, C4<0>, C4<0>;
L_00000216f70f5690 .functor XOR 1, L_00000216f70acbc0, L_00000216f70ad160, C4<0>, C4<0>;
L_00000216f70f5f50 .functor NOT 1, L_00000216f70f5690, C4<0>, C4<0>, C4<0>;
L_00000216f70f5930 .functor AND 1, L_00000216f70f5f50, L_00000216f70ac6c0, C4<1>, C4<1>;
v00000216f704eda0_0 .net "A", 0 0, L_00000216f70acbc0;  1 drivers
v00000216f704fc00_0 .net "AEQBI", 0 0, L_00000216f70ac6c0;  1 drivers
v00000216f704fe80_0 .net "AEQBO", 0 0, L_00000216f70f5930;  1 drivers
v00000216f704e300_0 .net "AGTBI", 0 0, L_00000216f70ad0c0;  1 drivers
v00000216f704e1c0_0 .net "AGTBO", 0 0, L_00000216f7050d10;  1 drivers
v00000216f704fb60_0 .net "B", 0 0, L_00000216f70ad160;  1 drivers
v00000216f704fac0_0 .net *"_ivl_0", 0 0, L_00000216f7050290;  1 drivers
v00000216f704e800_0 .net *"_ivl_10", 0 0, L_00000216f70f5f50;  1 drivers
v00000216f704e4e0_0 .net *"_ivl_2", 0 0, L_00000216f7050ae0;  1 drivers
v00000216f704f980_0 .net *"_ivl_4", 0 0, L_00000216f7050300;  1 drivers
v00000216f704eee0_0 .net *"_ivl_8", 0 0, L_00000216f70f5690;  1 drivers
S_00000216f7045970 .scope generate, "genblk1[1]" "genblk1[1]" 2 29, 2 29 0, S_00000216f7043da0;
 .timescale 0 0;
P_00000216f70408d0 .param/l "i" 0 2 29, +C4<01>;
S_00000216f7045b00 .scope module, "comp" "agtb" 2 31, 2 2 0, S_00000216f7045970;
 .timescale 0 0;
    .port_info 0 /INPUT 1 "AGTBI";
    .port_info 1 /INPUT 1 "AEQBI";
    .port_info 2 /INPUT 1 "A";
    .port_info 3 /INPUT 1 "B";
    .port_info 4 /OUTPUT 1 "AGTBO";
    .port_info 5 /OUTPUT 1 "AEQBO";
L_00000216f70506f0 .functor NOT 1, L_00000216f70ac800, C4<0>, C4<0>, C4<0>;
L_00000216f7050760 .functor AND 1, L_00000216f70ad020, L_00000216f70506f0, C4<1>, C4<1>;
L_00000216f7050b50 .functor AND 1, L_00000216f7050760, L_00000216f70abfe0, C4<1>, C4<1>;
L_00000216f7050a00 .functor OR 1, L_00000216f7050b50, L_00000216f70acee0, C4<0>, C4<0>;
L_00000216f7050220 .functor XOR 1, L_00000216f70ad020, L_00000216f70ac800, C4<0>, C4<0>;
L_00000216f7050a70 .functor NOT 1, L_00000216f7050220, C4<0>, C4<0>, C4<0>;
L_00000216f7050e60 .functor AND 1, L_00000216f7050a70, L_00000216f70abfe0, C4<1>, C4<1>;
v00000216f704e3a0_0 .net "A", 0 0, L_00000216f70ad020;  1 drivers
v00000216f704f160_0 .net "AEQBI", 0 0, L_00000216f70abfe0;  1 drivers
v00000216f704f480_0 .net "AEQBO", 0 0, L_00000216f7050e60;  1 drivers
v00000216f704fca0_0 .net "AGTBI", 0 0, L_00000216f70acee0;  1 drivers
v00000216f704e8a0_0 .net "AGTBO", 0 0, L_00000216f7050a00;  1 drivers
v00000216f704ebc0_0 .net "B", 0 0, L_00000216f70ac800;  1 drivers
v00000216f704e120_0 .net *"_ivl_0", 0 0, L_00000216f70506f0;  1 drivers
v00000216f704ee40_0 .net *"_ivl_10", 0 0, L_00000216f7050a70;  1 drivers
v00000216f704fd40_0 .net *"_ivl_2", 0 0, L_00000216f7050760;  1 drivers
v00000216f704e940_0 .net *"_ivl_4", 0 0, L_00000216f7050b50;  1 drivers
v00000216f704ef80_0 .net *"_ivl_8", 0 0, L_00000216f7050220;  1 drivers
S_00000216f6e96880 .scope generate, "genblk1[2]" "genblk1[2]" 2 29, 2 29 0, S_00000216f7043da0;
 .timescale 0 0;
P_00000216f7040910 .param/l "i" 0 2 29, +C4<010>;
S_00000216f6e96a10 .scope module, "comp" "agtb" 2 31, 2 2 0, S_00000216f6e96880;
 .timescale 0 0;
    .port_info 0 /INPUT 1 "AGTBI";
    .port_info 1 /INPUT 1 "AEQBI";
    .port_info 2 /INPUT 1 "A";
    .port_info 3 /INPUT 1 "B";
    .port_info 4 /OUTPUT 1 "AGTBO";
    .port_info 5 /OUTPUT 1 "AEQBO";
L_00000216f70507d0 .functor NOT 1, L_00000216f70ab400, C4<0>, C4<0>, C4<0>;
L_00000216f7050bc0 .functor AND 1, L_00000216f70ab680, L_00000216f70507d0, C4<1>, C4<1>;
L_00000216f7050840 .functor AND 1, L_00000216f7050bc0, L_00000216f70ac8a0, C4<1>, C4<1>;
L_00000216f7050610 .functor OR 1, L_00000216f7050840, L_00000216f70acf80, C4<0>, C4<0>;
L_00000216f7050680 .functor XOR 1, L_00000216f70ab680, L_00000216f70ab400, C4<0>, C4<0>;
L_00000216f7050060 .functor NOT 1, L_00000216f7050680, C4<0>, C4<0>, C4<0>;
L_00000216f7050df0 .functor AND 1, L_00000216f7050060, L_00000216f70ac8a0, C4<1>, C4<1>;
v00000216f704e260_0 .net "A", 0 0, L_00000216f70ab680;  1 drivers
v00000216f704ec60_0 .net "AEQBI", 0 0, L_00000216f70ac8a0;  1 drivers
v00000216f704ed00_0 .net "AEQBO", 0 0, L_00000216f7050df0;  1 drivers
v00000216f704e440_0 .net "AGTBI", 0 0, L_00000216f70acf80;  1 drivers
v00000216f704e580_0 .net "AGTBO", 0 0, L_00000216f7050610;  1 drivers
v00000216f704f200_0 .net "B", 0 0, L_00000216f70ab400;  1 drivers
v00000216f704e620_0 .net *"_ivl_0", 0 0, L_00000216f70507d0;  1 drivers
v00000216f704e6c0_0 .net *"_ivl_10", 0 0, L_00000216f7050060;  1 drivers
v00000216f704f020_0 .net *"_ivl_2", 0 0, L_00000216f7050bc0;  1 drivers
v00000216f704f0c0_0 .net *"_ivl_4", 0 0, L_00000216f7050840;  1 drivers
v00000216f704f2a0_0 .net *"_ivl_8", 0 0, L_00000216f7050680;  1 drivers
S_00000216f70aaff0 .scope generate, "genblk1[3]" "genblk1[3]" 2 29, 2 29 0, S_00000216f7043da0;
 .timescale 0 0;
P_00000216f7040610 .param/l "i" 0 2 29, +C4<011>;
S_00000216f70ab180 .scope module, "comp" "agtb" 2 31, 2 2 0, S_00000216f70aaff0;
 .timescale 0 0;
    .port_info 0 /INPUT 1 "AGTBI";
    .port_info 1 /INPUT 1 "AEQBI";
    .port_info 2 /INPUT 1 "A";
    .port_info 3 /INPUT 1 "B";
    .port_info 4 /OUTPUT 1 "AGTBO";
    .port_info 5 /OUTPUT 1 "AEQBO";
L_00000216f7050d80 .functor NOT 1, L_00000216f70aca80, C4<0>, C4<0>, C4<0>;
L_00000216f7050370 .functor AND 1, L_00000216f70ab720, L_00000216f7050d80, C4<1>, C4<1>;
L_00000216f70ad370 .functor BUFT 1, C4<1>, C4<0>, C4<0>, C4<0>;
L_00000216f70503e0 .functor AND 1, L_00000216f7050370, L_00000216f70ad370, C4<1>, C4<1>;
L_00000216f70ad328 .functor BUFT 1, C4<0>, C4<0>, C4<0>, C4<0>;
L_00000216f7050ed0 .functor OR 1, L_00000216f70503e0, L_00000216f70ad328, C4<0>, C4<0>;
L_00000216f7050450 .functor XOR 1, L_00000216f70ab720, L_00000216f70aca80, C4<0>, C4<0>;
L_00000216f7050920 .functor NOT 1, L_00000216f7050450, C4<0>, C4<0>, C4<0>;
L_00000216f7050530 .functor AND 1, L_00000216f7050920, L_00000216f70ad370, C4<1>, C4<1>;
v00000216f704f340_0 .net "A", 0 0, L_00000216f70ab720;  1 drivers
v00000216f704f520_0 .net "AEQBI", 0 0, L_00000216f70ad370;  1 drivers
v00000216f704f5c0_0 .net "AEQBO", 0 0, L_00000216f7050530;  1 drivers
v00000216f704f840_0 .net "AGTBI", 0 0, L_00000216f70ad328;  1 drivers
v00000216f704f660_0 .net "AGTBO", 0 0, L_00000216f7050ed0;  1 drivers
v00000216f704f700_0 .net "B", 0 0, L_00000216f70aca80;  1 drivers
v00000216f704f7a0_0 .net *"_ivl_0", 0 0, L_00000216f7050d80;  1 drivers
v00000216f703c670_0 .net *"_ivl_10", 0 0, L_00000216f7050920;  1 drivers
v00000216f703cad0_0 .net *"_ivl_2", 0 0, L_00000216f7050370;  1 drivers
v00000216f703c7b0_0 .net *"_ivl_4", 0 0, L_00000216f70503e0;  1 drivers
v00000216f703c850_0 .net *"_ivl_8", 0 0, L_00000216f7050450;  1 drivers
    .scope S_00000216f7043a00;
T_0 ;
    %vpi_call 2 66 "$dumpfile", "comparador.vcd" {0 0 0};
    %vpi_call 2 67 "$dumpvars", 32'sb00000000000000000000000000000000, S_00000216f7043a00 {0 0 0};
    %pushi/vec4 0, 0, 4;
    %store/vec4 v00000216f70abea0_0, 0, 4;
    %pushi/vec4 0, 0, 4;
    %store/vec4 v00000216f70acb20_0, 0, 4;
    %pushi/vec4 0, 0, 1;
    %store/vec4 v00000216f70abf40_0, 0, 1;
    %pushi/vec4 1, 0, 1;
    %store/vec4 v00000216f70ab360_0, 0, 1;
    %pushi/vec4 0, 0, 1;
    %store/vec4 v00000216f70ac9e0_0, 0, 1;
    %pushi/vec4 1, 0, 1;
    %store/vec4 v00000216f70ac580_0, 0, 1;
    %delay 1000, 0;
    %load/vec4 v00000216f70ac580_0;
    %load/vec4 v00000216f70ac4e0_0;
    %cmp/e;
    %flag_mov 8, 4;
    %jmp/0 T_0.0, 8;
    %pushi/vec4 20299, 0, 32; draw_string_vec4
    %jmp/1 T_0.1, 8;
T_0.0 ; End of true expr.
    %pushi/vec4 1163022927, 0, 32; draw_string_vec4
    %jmp/0 T_0.1, 8;
 ; End of false expr.
    %blend;
T_0.1;
    %vpi_call 2 78 "$display", "1) A=%b | B=%b | %s", v00000216f70abea0_0, v00000216f70acb20_0, S<0,vec4,u32> {1 0 0};
    %load/vec4 v00000216f70ac9e0_0;
    %load/vec4 v00000216f70ab7c0_0;
    %cmp/e;
    %flag_mov 8, 4;
    %jmp/0 T_0.2, 8;
    %pushi/vec4 20299, 0, 32; draw_string_vec4
    %jmp/1 T_0.3, 8;
T_0.2 ; End of true expr.
    %pushi/vec4 1163022927, 0, 32; draw_string_vec4
    %jmp/0 T_0.3, 8;
 ; End of false expr.
    %blend;
T_0.3;
    %vpi_call 2 79 "$display", "1) A=%b | B=%b | %s", v00000216f70abea0_0, v00000216f70acb20_0, S<0,vec4,u32> {1 0 0};
    %vpi_call 2 81 "$finish" {0 0 0};
    %end;
    .thread T_0;
# The file index is used to find the file name in the following table.
:file_names 3;
    "N/A";
    "<interactive>";
    "agtb-lucas.v";
