#! /c/Source/iverilog-install/bin/vvp
:ivl_version "12.0 (devel)" "(s20150603-1539-g2693dd32b)";
:ivl_delay_selection "TYPICAL";
:vpi_time_precision + 0;
:vpi_module "C:\iverilog\lib\ivl\system.vpi";
:vpi_module "C:\iverilog\lib\ivl\vhdl_sys.vpi";
:vpi_module "C:\iverilog\lib\ivl\vhdl_textio.vpi";
:vpi_module "C:\iverilog\lib\ivl\v2005_math.vpi";
:vpi_module "C:\iverilog\lib\ivl\va_math.vpi";
S_0000026876ad32a0 .scope module, "tb_carry_lookahead_adder" "tb_carry_lookahead_adder" 2 66;
 .timescale 0 0;
v0000026876b89af0_0 .var "a", 7 0;
v0000026876b89cd0_0 .var "b", 7 0;
v0000026876b8b8f0_0 .var "cin", 0 0;
v0000026876b8ab30_0 .net "cout", 0 0, L_0000026876b96ea0;  1 drivers
v0000026876b8a630_0 .var "esperado_cout", 0 0;
v0000026876b8aa90_0 .var "esperado_sum", 7 0;
v0000026876b8abd0_0 .net "sum", 7 0, L_0000026876b96ff0;  1 drivers
S_0000026876ad3430 .scope module, "dut" "cla8t" 2 75, 2 13 0, S_0000026876ad32a0;
 .timescale 0 0;
    .port_info 0 /INPUT 8 "a";
    .port_info 1 /INPUT 8 "b";
    .port_info 2 /INPUT 1 "cin";
    .port_info 3 /OUTPUT 8 "sum";
    .port_info 4 /OUTPUT 1 "cout";
L_0000026876b06740/d .functor AND 8, v0000026876b89af0_0, v0000026876b89cd0_0, C4<11111111>, C4<11111111>;
L_0000026876b06740 .delay 8 (7,7,7) L_0000026876b06740/d;
L_0000026876b8d980/d .functor OR 8, v0000026876b89af0_0, v0000026876b89cd0_0, C4<00000000>, C4<00000000>;
L_0000026876b8d980 .delay 8 (8,8,8) L_0000026876b8d980/d;
L_0000026876b8db40/d .functor BUFZ 1, v0000026876b8b8f0_0, C4<0>, C4<0>, C4<0>;
L_0000026876b8db40 .delay 1 (0,0,0) L_0000026876b8db40/d;
L_0000026876b8e4e0 .functor AND 1, L_0000026876b8ac70, L_0000026876b8b030, C4<1>, C4<1>;
L_0000026876b8e550/d .functor OR 1, L_0000026876b89ff0, L_0000026876b8e4e0, C4<0>, C4<0>;
L_0000026876b8e550 .delay 1 (15,15,15) L_0000026876b8e550/d;
L_0000026876b8e240 .functor AND 1, L_0000026876b8aef0, L_0000026876b8a1d0, C4<1>, C4<1>;
L_0000026876b8dfa0 .functor OR 1, L_0000026876b8a090, L_0000026876b8e240, C4<0>, C4<0>;
L_0000026876b8dd00 .functor AND 1, L_0000026876b8b170, L_0000026876b8a310, C4<1>, C4<1>;
L_0000026876b8e780 .functor AND 1, L_0000026876b8dd00, L_0000026876b8b5d0, C4<1>, C4<1>;
L_0000026876b8dad0/d .functor OR 1, L_0000026876b8dfa0, L_0000026876b8e780, C4<0>, C4<0>;
L_0000026876b8dad0 .delay 1 (22,22,22) L_0000026876b8dad0/d;
L_0000026876b8df30 .functor AND 1, L_0000026876b8b7b0, L_0000026876b8d6f0, C4<1>, C4<1>;
L_0000026876b8e1d0 .functor OR 1, L_0000026876b8b670, L_0000026876b8df30, C4<0>, C4<0>;
L_0000026876b8e2b0 .functor AND 1, L_0000026876b8c4d0, L_0000026876b8c570, C4<1>, C4<1>;
L_0000026876b8dbb0 .functor AND 1, L_0000026876b8e2b0, L_0000026876b8d330, C4<1>, C4<1>;
L_0000026876b8dc20 .functor OR 1, L_0000026876b8e1d0, L_0000026876b8dbb0, C4<0>, C4<0>;
L_0000026876b8dde0 .functor AND 1, L_0000026876b8c2f0, L_0000026876b8d470, C4<1>, C4<1>;
L_0000026876b8e010 .functor AND 1, L_0000026876b8dde0, L_0000026876b8c390, C4<1>, C4<1>;
L_0000026876b8dd70 .functor AND 1, L_0000026876b8e010, L_0000026876b8c430, C4<1>, C4<1>;
L_0000026876b8d9f0/d .functor OR 1, L_0000026876b8dc20, L_0000026876b8dd70, C4<0>, C4<0>;
L_0000026876b8d9f0 .delay 1 (29,29,29) L_0000026876b8d9f0/d;
L_0000026876b8da60 .functor AND 1, L_0000026876b8cc50, L_0000026876b8c750, C4<1>, C4<1>;
L_0000026876b8e5c0 .functor OR 1, L_0000026876b8d790, L_0000026876b8da60, C4<0>, C4<0>;
L_0000026876b8e320 .functor AND 1, L_0000026876b8d650, L_0000026876b8cf70, C4<1>, C4<1>;
L_0000026876b8e080 .functor AND 1, L_0000026876b8e320, L_0000026876b8d010, C4<1>, C4<1>;
L_0000026876b8dc90 .functor OR 1, L_0000026876b8e5c0, L_0000026876b8e080, C4<0>, C4<0>;
L_0000026876b8e390 .functor AND 1, L_0000026876b8d3d0, L_0000026876b8c610, C4<1>, C4<1>;
L_0000026876b8de50 .functor AND 1, L_0000026876b8e390, L_0000026876b8c6b0, C4<1>, C4<1>;
L_0000026876b8e630 .functor AND 1, L_0000026876b8de50, L_0000026876b8c930, C4<1>, C4<1>;
L_0000026876b8dec0 .functor OR 1, L_0000026876b8dc90, L_0000026876b8e630, C4<0>, C4<0>;
L_0000026876b8e0f0 .functor AND 1, L_0000026876b8c7f0, L_0000026876b8d510, C4<1>, C4<1>;
L_0000026876b8e7f0 .functor AND 1, L_0000026876b8e0f0, L_0000026876b8c890, C4<1>, C4<1>;
L_0000026876b8e160 .functor AND 1, L_0000026876b8e7f0, L_0000026876b8c9d0, C4<1>, C4<1>;
L_0000026876b8d910 .functor AND 1, L_0000026876b8e160, L_0000026876b8ca70, C4<1>, C4<1>;
L_0000026876b8e400/d .functor OR 1, L_0000026876b8dec0, L_0000026876b8d910, C4<0>, C4<0>;
L_0000026876b8e400 .delay 1 (36,36,36) L_0000026876b8e400/d;
L_0000026876b8e470 .functor AND 1, L_0000026876b8d290, L_0000026876b8cbb0, C4<1>, C4<1>;
L_0000026876b8e6a0 .functor OR 1, L_0000026876b8cb10, L_0000026876b8e470, C4<0>, C4<0>;
L_0000026876b8e710 .functor AND 1, L_0000026876b8d5b0, L_0000026876b8ccf0, C4<1>, C4<1>;
L_0000026876b8eae0 .functor AND 1, L_0000026876b8e710, L_0000026876b8c110, C4<1>, C4<1>;
L_0000026876b8efb0 .functor OR 1, L_0000026876b8e6a0, L_0000026876b8eae0, C4<0>, C4<0>;
L_0000026876b8ee60 .functor AND 1, L_0000026876b8cd90, L_0000026876b8d0b0, C4<1>, C4<1>;
L_0000026876b8ea70 .functor AND 1, L_0000026876b8ee60, L_0000026876b8ce30, C4<1>, C4<1>;
L_0000026876b8f790 .functor AND 1, L_0000026876b8ea70, L_0000026876b8d1f0, C4<1>, C4<1>;
L_0000026876b8f640 .functor OR 1, L_0000026876b8efb0, L_0000026876b8f790, C4<0>, C4<0>;
L_0000026876b8f5d0 .functor AND 1, L_0000026876b8ced0, L_0000026876b8d150, C4<1>, C4<1>;
L_0000026876b8f800 .functor AND 1, L_0000026876b8f5d0, L_0000026876b8c1b0, C4<1>, C4<1>;
L_0000026876b8f6b0 .functor AND 1, L_0000026876b8f800, L_0000026876b8c250, C4<1>, C4<1>;
L_0000026876b8ea00 .functor AND 1, L_0000026876b8f6b0, L_0000026876b932c0, C4<1>, C4<1>;
L_0000026876b8eb50 .functor OR 1, L_0000026876b8f640, L_0000026876b8ea00, C4<0>, C4<0>;
L_0000026876b8ebc0 .functor AND 1, L_0000026876b93540, L_0000026876b93360, C4<1>, C4<1>;
L_0000026876b8ed10 .functor AND 1, L_0000026876b8ebc0, L_0000026876b926e0, C4<1>, C4<1>;
L_0000026876b8f720 .functor AND 1, L_0000026876b8ed10, L_0000026876b92be0, C4<1>, C4<1>;
L_0000026876b8f020 .functor AND 1, L_0000026876b8f720, L_0000026876b92b40, C4<1>, C4<1>;
L_0000026876b8edf0 .functor AND 1, L_0000026876b8f020, L_0000026876b92d20, C4<1>, C4<1>;
L_0000026876b8f410/d .functor OR 1, L_0000026876b8eb50, L_0000026876b8edf0, C4<0>, C4<0>;
L_0000026876b8f410 .delay 1 (43,43,43) L_0000026876b8f410/d;
L_0000026876b8f090 .functor AND 1, L_0000026876b92c80, L_0000026876b93680, C4<1>, C4<1>;
L_0000026876b8f3a0 .functor OR 1, L_0000026876b93400, L_0000026876b8f090, C4<0>, C4<0>;
L_0000026876b8e920 .functor AND 1, L_0000026876b92e60, L_0000026876b92640, C4<1>, C4<1>;
L_0000026876b8f250 .functor AND 1, L_0000026876b8e920, L_0000026876b923c0, C4<1>, C4<1>;
L_0000026876b8f1e0 .functor OR 1, L_0000026876b8f3a0, L_0000026876b8f250, C4<0>, C4<0>;
L_0000026876b8f560 .functor AND 1, L_0000026876b934a0, L_0000026876b92460, C4<1>, C4<1>;
L_0000026876b8eed0 .functor AND 1, L_0000026876b8f560, L_0000026876b935e0, C4<1>, C4<1>;
L_0000026876b8e990 .functor AND 1, L_0000026876b8eed0, L_0000026876b92f00, C4<1>, C4<1>;
L_0000026876b8f2c0 .functor OR 1, L_0000026876b8f1e0, L_0000026876b8e990, C4<0>, C4<0>;
L_0000026876b8f330 .functor AND 1, L_0000026876b92140, L_0000026876b92a00, C4<1>, C4<1>;
L_0000026876b8ec30 .functor AND 1, L_0000026876b8f330, L_0000026876b93720, C4<1>, C4<1>;
L_0000026876b8f100 .functor AND 1, L_0000026876b8ec30, L_0000026876b937c0, C4<1>, C4<1>;
L_0000026876b8f480 .functor AND 1, L_0000026876b8f100, L_0000026876b92aa0, C4<1>, C4<1>;
L_0000026876b8f170 .functor OR 1, L_0000026876b8f2c0, L_0000026876b8f480, C4<0>, C4<0>;
L_0000026876b8eca0 .functor AND 1, L_0000026876b92dc0, L_0000026876b921e0, C4<1>, C4<1>;
L_0000026876b8f4f0 .functor AND 1, L_0000026876b8eca0, L_0000026876b92280, C4<1>, C4<1>;
L_0000026876b8ed80 .functor AND 1, L_0000026876b8f4f0, L_0000026876b92fa0, C4<1>, C4<1>;
L_0000026876b8ef40 .functor AND 1, L_0000026876b8ed80, L_0000026876b92320, C4<1>, C4<1>;
L_0000026876b95fe0 .functor AND 1, L_0000026876b8ef40, L_0000026876b925a0, C4<1>, C4<1>;
L_0000026876b95c60 .functor OR 1, L_0000026876b8f170, L_0000026876b95fe0, C4<0>, C4<0>;
L_0000026876b962f0 .functor AND 1, L_0000026876b92780, L_0000026876b93040, C4<1>, C4<1>;
L_0000026876b96050 .functor AND 1, L_0000026876b962f0, L_0000026876b930e0, C4<1>, C4<1>;
L_0000026876b96440 .functor AND 1, L_0000026876b96050, L_0000026876b92820, C4<1>, C4<1>;
L_0000026876b96670 .functor AND 1, L_0000026876b96440, L_0000026876b93180, C4<1>, C4<1>;
L_0000026876b96130 .functor AND 1, L_0000026876b96670, L_0000026876b93220, C4<1>, C4<1>;
L_0000026876b95f70 .functor AND 1, L_0000026876b96130, L_0000026876b92500, C4<1>, C4<1>;
L_0000026876b960c0/d .functor OR 1, L_0000026876b95c60, L_0000026876b95f70, C4<0>, C4<0>;
L_0000026876b960c0 .delay 1 (54,54,54) L_0000026876b960c0/d;
L_0000026876b96590 .functor AND 1, L_0000026876b90e80, L_0000026876b91ce0, C4<1>, C4<1>;
L_0000026876b95d40 .functor OR 1, L_0000026876b92960, L_0000026876b96590, C4<0>, C4<0>;
L_0000026876b961a0 .functor AND 1, L_0000026876b8ff80, L_0000026876b90d40, C4<1>, C4<1>;
L_0000026876b96210 .functor AND 1, L_0000026876b961a0, L_0000026876b8f9e0, C4<1>, C4<1>;
L_0000026876b964b0 .functor OR 1, L_0000026876b95d40, L_0000026876b96210, C4<0>, C4<0>;
L_0000026876b96520 .functor AND 1, L_0000026876b903e0, L_0000026876b90de0, C4<1>, C4<1>;
L_0000026876b967c0 .functor AND 1, L_0000026876b96520, L_0000026876b90980, C4<1>, C4<1>;
L_0000026876b96600 .functor AND 1, L_0000026876b967c0, L_0000026876b917e0, C4<1>, C4<1>;
L_0000026876b966e0 .functor OR 1, L_0000026876b964b0, L_0000026876b96600, C4<0>, C4<0>;
L_0000026876b96280 .functor AND 1, L_0000026876b90160, L_0000026876b8fe40, C4<1>, C4<1>;
L_0000026876b95f00 .functor AND 1, L_0000026876b96280, L_0000026876b8fd00, C4<1>, C4<1>;
L_0000026876b95b10 .functor AND 1, L_0000026876b95f00, L_0000026876b91060, C4<1>, C4<1>;
L_0000026876b96750 .functor AND 1, L_0000026876b95b10, L_0000026876b8fda0, C4<1>, C4<1>;
L_0000026876b96360 .functor OR 1, L_0000026876b966e0, L_0000026876b96750, C4<0>, C4<0>;
L_0000026876b95aa0 .functor AND 1, L_0000026876b8fee0, L_0000026876b902a0, C4<1>, C4<1>;
L_0000026876b96830 .functor AND 1, L_0000026876b95aa0, L_0000026876b91d80, C4<1>, C4<1>;
L_0000026876b95a30 .functor AND 1, L_0000026876b96830, L_0000026876b91880, C4<1>, C4<1>;
L_0000026876b963d0 .functor AND 1, L_0000026876b95a30, L_0000026876b91ec0, C4<1>, C4<1>;
L_0000026876b95b80 .functor AND 1, L_0000026876b963d0, L_0000026876b914c0, C4<1>, C4<1>;
L_0000026876b95cd0 .functor OR 1, L_0000026876b96360, L_0000026876b95b80, C4<0>, C4<0>;
L_0000026876b95950 .functor AND 1, L_0000026876b920a0, L_0000026876b90020, C4<1>, C4<1>;
L_0000026876b959c0 .functor AND 1, L_0000026876b95950, L_0000026876b90fc0, C4<1>, C4<1>;
L_0000026876b95bf0 .functor AND 1, L_0000026876b959c0, L_0000026876b900c0, C4<1>, C4<1>;
L_0000026876b95db0 .functor AND 1, L_0000026876b95bf0, L_0000026876b91ba0, C4<1>, C4<1>;
L_0000026876b95e20 .functor AND 1, L_0000026876b95db0, L_0000026876b91100, C4<1>, C4<1>;
L_0000026876b95e90 .functor AND 1, L_0000026876b95e20, L_0000026876b90340, C4<1>, C4<1>;
L_0000026876b976f0 .functor OR 1, L_0000026876b95cd0, L_0000026876b95e90, C4<0>, C4<0>;
L_0000026876b97300 .functor AND 1, L_0000026876b8f940, L_0000026876b91920, C4<1>, C4<1>;
L_0000026876b96e30 .functor AND 1, L_0000026876b97300, L_0000026876b8fb20, C4<1>, C4<1>;
L_0000026876b96c00 .functor AND 1, L_0000026876b96e30, L_0000026876b90200, C4<1>, C4<1>;
L_0000026876b96f80 .functor AND 1, L_0000026876b96c00, L_0000026876b91e20, C4<1>, C4<1>;
L_0000026876b97220 .functor AND 1, L_0000026876b96f80, L_0000026876b905c0, C4<1>, C4<1>;
L_0000026876b974c0 .functor AND 1, L_0000026876b97220, L_0000026876b92000, C4<1>, C4<1>;
L_0000026876b97370 .functor AND 1, L_0000026876b974c0, L_0000026876b919c0, C4<1>, C4<1>;
L_0000026876b96b90/d .functor OR 1, L_0000026876b976f0, L_0000026876b97370, C4<0>, C4<0>;
L_0000026876b96b90 .delay 1 (61,61,61) L_0000026876b96b90/d;
L_0000026876b970d0 .functor AND 1, L_0000026876b90700, L_0000026876b911a0, C4<1>, C4<1>;
L_0000026876b96ea0/d .functor OR 1, L_0000026876b90b60, L_0000026876b970d0, C4<0>, C4<0>;
L_0000026876b96ea0 .delay 1 (15,15,15) L_0000026876b96ea0/d;
L_0000026876b97060 .functor XOR 8, v0000026876b89af0_0, v0000026876b89cd0_0, C4<00000000>, C4<00000000>;
L_0000026876b96ff0/d .functor XOR 8, L_0000026876b97060, L_0000026876b928c0, C4<00000000>, C4<00000000>;
L_0000026876b96ff0 .delay 8 (20,20,20) L_0000026876b96ff0/d;
v0000026876b1b250_0 .net *"_ivl_100", 0 0, L_0000026876b8e320;  1 drivers
v0000026876b1a030_0 .net *"_ivl_103", 0 0, L_0000026876b8d010;  1 drivers
v0000026876b1a530_0 .net *"_ivl_104", 0 0, L_0000026876b8e080;  1 drivers
v0000026876b19f90_0 .net *"_ivl_106", 0 0, L_0000026876b8dc90;  1 drivers
v0000026876b1b110_0 .net *"_ivl_109", 0 0, L_0000026876b8d3d0;  1 drivers
v0000026876b1b430_0 .net *"_ivl_11", 0 0, L_0000026876b89ff0;  1 drivers
v0000026876b1ae90_0 .net *"_ivl_111", 0 0, L_0000026876b8c610;  1 drivers
v0000026876b19a90_0 .net *"_ivl_112", 0 0, L_0000026876b8e390;  1 drivers
v0000026876b1a210_0 .net *"_ivl_115", 0 0, L_0000026876b8c6b0;  1 drivers
v0000026876b1b1b0_0 .net *"_ivl_116", 0 0, L_0000026876b8de50;  1 drivers
v0000026876b198b0_0 .net *"_ivl_119", 0 0, L_0000026876b8c930;  1 drivers
v0000026876b19ef0_0 .net *"_ivl_120", 0 0, L_0000026876b8e630;  1 drivers
v0000026876b1b2f0_0 .net *"_ivl_122", 0 0, L_0000026876b8dec0;  1 drivers
v0000026876b1a350_0 .net *"_ivl_125", 0 0, L_0000026876b8c7f0;  1 drivers
v0000026876b19c70_0 .net *"_ivl_127", 0 0, L_0000026876b8d510;  1 drivers
v0000026876b1a490_0 .net *"_ivl_128", 0 0, L_0000026876b8e0f0;  1 drivers
v0000026876b1a0d0_0 .net *"_ivl_13", 0 0, L_0000026876b8ac70;  1 drivers
v0000026876b1a7b0_0 .net *"_ivl_131", 0 0, L_0000026876b8c890;  1 drivers
v0000026876b1a170_0 .net *"_ivl_132", 0 0, L_0000026876b8e7f0;  1 drivers
v0000026876b1a5d0_0 .net *"_ivl_135", 0 0, L_0000026876b8c9d0;  1 drivers
v0000026876b1a3f0_0 .net *"_ivl_136", 0 0, L_0000026876b8e160;  1 drivers
v0000026876b1b070_0 .net *"_ivl_139", 0 0, L_0000026876b8ca70;  1 drivers
v0000026876b1b4d0_0 .net *"_ivl_140", 0 0, L_0000026876b8d910;  1 drivers
v0000026876b1a850_0 .net *"_ivl_142", 0 0, L_0000026876b8e400;  1 drivers
v0000026876b199f0_0 .net *"_ivl_147", 0 0, L_0000026876b8cb10;  1 drivers
v0000026876b1af30_0 .net *"_ivl_149", 0 0, L_0000026876b8d290;  1 drivers
v0000026876b1a670_0 .net *"_ivl_15", 0 0, L_0000026876b8b030;  1 drivers
v0000026876b19d10_0 .net *"_ivl_151", 0 0, L_0000026876b8cbb0;  1 drivers
v0000026876b1ab70_0 .net *"_ivl_152", 0 0, L_0000026876b8e470;  1 drivers
v0000026876b1a710_0 .net *"_ivl_154", 0 0, L_0000026876b8e6a0;  1 drivers
v0000026876b1a2b0_0 .net *"_ivl_157", 0 0, L_0000026876b8d5b0;  1 drivers
v0000026876b1a8f0_0 .net *"_ivl_159", 0 0, L_0000026876b8ccf0;  1 drivers
v0000026876b1a990_0 .net *"_ivl_16", 0 0, L_0000026876b8e4e0;  1 drivers
v0000026876b1aa30_0 .net *"_ivl_160", 0 0, L_0000026876b8e710;  1 drivers
v0000026876b19b30_0 .net *"_ivl_163", 0 0, L_0000026876b8c110;  1 drivers
v0000026876b19bd0_0 .net *"_ivl_164", 0 0, L_0000026876b8eae0;  1 drivers
v0000026876b1aad0_0 .net *"_ivl_166", 0 0, L_0000026876b8efb0;  1 drivers
v0000026876b1ac10_0 .net *"_ivl_169", 0 0, L_0000026876b8cd90;  1 drivers
v0000026876b1afd0_0 .net *"_ivl_171", 0 0, L_0000026876b8d0b0;  1 drivers
v0000026876b1acb0_0 .net *"_ivl_172", 0 0, L_0000026876b8ee60;  1 drivers
v0000026876b1adf0_0 .net *"_ivl_175", 0 0, L_0000026876b8ce30;  1 drivers
v0000026876b1b390_0 .net *"_ivl_176", 0 0, L_0000026876b8ea70;  1 drivers
v0000026876b19db0_0 .net *"_ivl_179", 0 0, L_0000026876b8d1f0;  1 drivers
v0000026876b19630_0 .net *"_ivl_18", 0 0, L_0000026876b8e550;  1 drivers
v0000026876b196d0_0 .net *"_ivl_180", 0 0, L_0000026876b8f790;  1 drivers
v0000026876b19770_0 .net *"_ivl_182", 0 0, L_0000026876b8f640;  1 drivers
v0000026876b19810_0 .net *"_ivl_185", 0 0, L_0000026876b8ced0;  1 drivers
v0000026876b19950_0 .net *"_ivl_187", 0 0, L_0000026876b8d150;  1 drivers
v0000026876b19e50_0 .net *"_ivl_188", 0 0, L_0000026876b8f5d0;  1 drivers
v0000026876b77c80_0 .net *"_ivl_191", 0 0, L_0000026876b8c1b0;  1 drivers
v0000026876b77960_0 .net *"_ivl_192", 0 0, L_0000026876b8f800;  1 drivers
v0000026876b76920_0 .net *"_ivl_195", 0 0, L_0000026876b8c250;  1 drivers
v0000026876b76240_0 .net *"_ivl_196", 0 0, L_0000026876b8f6b0;  1 drivers
v0000026876b77000_0 .net *"_ivl_199", 0 0, L_0000026876b932c0;  1 drivers
v0000026876b773c0_0 .net *"_ivl_200", 0 0, L_0000026876b8ea00;  1 drivers
v0000026876b76880_0 .net *"_ivl_202", 0 0, L_0000026876b8eb50;  1 drivers
v0000026876b770a0_0 .net *"_ivl_205", 0 0, L_0000026876b93540;  1 drivers
v0000026876b769c0_0 .net *"_ivl_207", 0 0, L_0000026876b93360;  1 drivers
v0000026876b77d20_0 .net *"_ivl_208", 0 0, L_0000026876b8ebc0;  1 drivers
v0000026876b77a00_0 .net *"_ivl_211", 0 0, L_0000026876b926e0;  1 drivers
v0000026876b76a60_0 .net *"_ivl_212", 0 0, L_0000026876b8ed10;  1 drivers
v0000026876b762e0_0 .net *"_ivl_215", 0 0, L_0000026876b92be0;  1 drivers
v0000026876b77140_0 .net *"_ivl_216", 0 0, L_0000026876b8f720;  1 drivers
v0000026876b77460_0 .net *"_ivl_219", 0 0, L_0000026876b92b40;  1 drivers
v0000026876b76b00_0 .net *"_ivl_220", 0 0, L_0000026876b8f020;  1 drivers
v0000026876b775a0_0 .net *"_ivl_223", 0 0, L_0000026876b92d20;  1 drivers
v0000026876b77aa0_0 .net *"_ivl_224", 0 0, L_0000026876b8edf0;  1 drivers
v0000026876b77500_0 .net *"_ivl_226", 0 0, L_0000026876b8f410;  1 drivers
v0000026876b771e0_0 .net *"_ivl_23", 0 0, L_0000026876b8a090;  1 drivers
v0000026876b76100_0 .net *"_ivl_231", 0 0, L_0000026876b93400;  1 drivers
v0000026876b764c0_0 .net *"_ivl_233", 0 0, L_0000026876b92c80;  1 drivers
v0000026876b77640_0 .net *"_ivl_235", 0 0, L_0000026876b93680;  1 drivers
v0000026876b766a0_0 .net *"_ivl_236", 0 0, L_0000026876b8f090;  1 drivers
v0000026876b767e0_0 .net *"_ivl_238", 0 0, L_0000026876b8f3a0;  1 drivers
v0000026876b76420_0 .net *"_ivl_241", 0 0, L_0000026876b92e60;  1 drivers
v0000026876b776e0_0 .net *"_ivl_243", 0 0, L_0000026876b92640;  1 drivers
v0000026876b77280_0 .net *"_ivl_244", 0 0, L_0000026876b8e920;  1 drivers
v0000026876b76ba0_0 .net *"_ivl_247", 0 0, L_0000026876b923c0;  1 drivers
v0000026876b77dc0_0 .net *"_ivl_248", 0 0, L_0000026876b8f250;  1 drivers
v0000026876b77780_0 .net *"_ivl_25", 0 0, L_0000026876b8aef0;  1 drivers
v0000026876b76c40_0 .net *"_ivl_250", 0 0, L_0000026876b8f1e0;  1 drivers
v0000026876b76ce0_0 .net *"_ivl_253", 0 0, L_0000026876b934a0;  1 drivers
v0000026876b77be0_0 .net *"_ivl_255", 0 0, L_0000026876b92460;  1 drivers
v0000026876b76060_0 .net *"_ivl_256", 0 0, L_0000026876b8f560;  1 drivers
v0000026876b76d80_0 .net *"_ivl_259", 0 0, L_0000026876b935e0;  1 drivers
v0000026876b77e60_0 .net *"_ivl_260", 0 0, L_0000026876b8eed0;  1 drivers
v0000026876b77b40_0 .net *"_ivl_263", 0 0, L_0000026876b92f00;  1 drivers
v0000026876b76600_0 .net *"_ivl_264", 0 0, L_0000026876b8e990;  1 drivers
v0000026876b76e20_0 .net *"_ivl_266", 0 0, L_0000026876b8f2c0;  1 drivers
v0000026876b77f00_0 .net *"_ivl_269", 0 0, L_0000026876b92140;  1 drivers
v0000026876b76560_0 .net *"_ivl_27", 0 0, L_0000026876b8a1d0;  1 drivers
v0000026876b76740_0 .net *"_ivl_271", 0 0, L_0000026876b92a00;  1 drivers
v0000026876b77320_0 .net *"_ivl_272", 0 0, L_0000026876b8f330;  1 drivers
v0000026876b76ec0_0 .net *"_ivl_275", 0 0, L_0000026876b93720;  1 drivers
v0000026876b76f60_0 .net *"_ivl_276", 0 0, L_0000026876b8ec30;  1 drivers
v0000026876b77820_0 .net *"_ivl_279", 0 0, L_0000026876b937c0;  1 drivers
v0000026876b778c0_0 .net *"_ivl_28", 0 0, L_0000026876b8e240;  1 drivers
v0000026876b761a0_0 .net *"_ivl_280", 0 0, L_0000026876b8f100;  1 drivers
v0000026876b76380_0 .net *"_ivl_283", 0 0, L_0000026876b92aa0;  1 drivers
v0000026876b78390_0 .net *"_ivl_284", 0 0, L_0000026876b8f480;  1 drivers
v0000026876b79830_0 .net *"_ivl_286", 0 0, L_0000026876b8f170;  1 drivers
v0000026876b79470_0 .net *"_ivl_289", 0 0, L_0000026876b92dc0;  1 drivers
v0000026876b79bf0_0 .net *"_ivl_291", 0 0, L_0000026876b921e0;  1 drivers
v0000026876b782f0_0 .net *"_ivl_292", 0 0, L_0000026876b8eca0;  1 drivers
v0000026876b78930_0 .net *"_ivl_295", 0 0, L_0000026876b92280;  1 drivers
v0000026876b79c90_0 .net *"_ivl_296", 0 0, L_0000026876b8f4f0;  1 drivers
v0000026876b78d90_0 .net *"_ivl_299", 0 0, L_0000026876b92fa0;  1 drivers
v0000026876b786b0_0 .net *"_ivl_30", 0 0, L_0000026876b8dfa0;  1 drivers
v0000026876b78ed0_0 .net *"_ivl_300", 0 0, L_0000026876b8ed80;  1 drivers
v0000026876b78b10_0 .net *"_ivl_303", 0 0, L_0000026876b92320;  1 drivers
v0000026876b79510_0 .net *"_ivl_304", 0 0, L_0000026876b8ef40;  1 drivers
v0000026876b78250_0 .net *"_ivl_307", 0 0, L_0000026876b925a0;  1 drivers
v0000026876b789d0_0 .net *"_ivl_308", 0 0, L_0000026876b95fe0;  1 drivers
v0000026876b78430_0 .net *"_ivl_310", 0 0, L_0000026876b95c60;  1 drivers
v0000026876b784d0_0 .net *"_ivl_313", 0 0, L_0000026876b92780;  1 drivers
v0000026876b79d30_0 .net *"_ivl_315", 0 0, L_0000026876b93040;  1 drivers
v0000026876b78a70_0 .net *"_ivl_316", 0 0, L_0000026876b962f0;  1 drivers
v0000026876b79ab0_0 .net *"_ivl_319", 0 0, L_0000026876b930e0;  1 drivers
v0000026876b78e30_0 .net *"_ivl_320", 0 0, L_0000026876b96050;  1 drivers
v0000026876b79dd0_0 .net *"_ivl_323", 0 0, L_0000026876b92820;  1 drivers
v0000026876b78c50_0 .net *"_ivl_324", 0 0, L_0000026876b96440;  1 drivers
v0000026876b791f0_0 .net *"_ivl_327", 0 0, L_0000026876b93180;  1 drivers
v0000026876b78cf0_0 .net *"_ivl_328", 0 0, L_0000026876b96670;  1 drivers
v0000026876b78bb0_0 .net *"_ivl_33", 0 0, L_0000026876b8b170;  1 drivers
v0000026876b798d0_0 .net *"_ivl_331", 0 0, L_0000026876b93220;  1 drivers
v0000026876b78070_0 .net *"_ivl_332", 0 0, L_0000026876b96130;  1 drivers
v0000026876b79b50_0 .net *"_ivl_335", 0 0, L_0000026876b92500;  1 drivers
v0000026876b79290_0 .net *"_ivl_336", 0 0, L_0000026876b95f70;  1 drivers
v0000026876b78750_0 .net *"_ivl_338", 0 0, L_0000026876b960c0;  1 drivers
v0000026876b78570_0 .net *"_ivl_344", 0 0, L_0000026876b92960;  1 drivers
v0000026876b79150_0 .net *"_ivl_346", 0 0, L_0000026876b90e80;  1 drivers
v0000026876b78610_0 .net *"_ivl_348", 0 0, L_0000026876b91ce0;  1 drivers
v0000026876b787f0_0 .net *"_ivl_349", 0 0, L_0000026876b96590;  1 drivers
v0000026876b78f70_0 .net *"_ivl_35", 0 0, L_0000026876b8a310;  1 drivers
v0000026876b79010_0 .net *"_ivl_351", 0 0, L_0000026876b95d40;  1 drivers
v0000026876b78890_0 .net *"_ivl_354", 0 0, L_0000026876b8ff80;  1 drivers
v0000026876b790b0_0 .net *"_ivl_356", 0 0, L_0000026876b90d40;  1 drivers
v0000026876b79330_0 .net *"_ivl_357", 0 0, L_0000026876b961a0;  1 drivers
v0000026876b793d0_0 .net *"_ivl_36", 0 0, L_0000026876b8dd00;  1 drivers
v0000026876b795b0_0 .net *"_ivl_360", 0 0, L_0000026876b8f9e0;  1 drivers
v0000026876b79970_0 .net *"_ivl_361", 0 0, L_0000026876b96210;  1 drivers
v0000026876b79e70_0 .net *"_ivl_363", 0 0, L_0000026876b964b0;  1 drivers
v0000026876b79650_0 .net *"_ivl_366", 0 0, L_0000026876b903e0;  1 drivers
v0000026876b796f0_0 .net *"_ivl_368", 0 0, L_0000026876b90de0;  1 drivers
v0000026876b79790_0 .net *"_ivl_369", 0 0, L_0000026876b96520;  1 drivers
v0000026876b79a10_0 .net *"_ivl_372", 0 0, L_0000026876b90980;  1 drivers
v0000026876b79f10_0 .net *"_ivl_373", 0 0, L_0000026876b967c0;  1 drivers
v0000026876b78110_0 .net *"_ivl_376", 0 0, L_0000026876b917e0;  1 drivers
v0000026876b781b0_0 .net *"_ivl_377", 0 0, L_0000026876b96600;  1 drivers
v0000026876b7b480_0 .net *"_ivl_379", 0 0, L_0000026876b966e0;  1 drivers
v0000026876b7b200_0 .net *"_ivl_382", 0 0, L_0000026876b90160;  1 drivers
v0000026876b7ae40_0 .net *"_ivl_384", 0 0, L_0000026876b8fe40;  1 drivers
v0000026876b7ac60_0 .net *"_ivl_385", 0 0, L_0000026876b96280;  1 drivers
v0000026876b7b8e0_0 .net *"_ivl_388", 0 0, L_0000026876b8fd00;  1 drivers
v0000026876b7bde0_0 .net *"_ivl_389", 0 0, L_0000026876b95f00;  1 drivers
v0000026876b7aee0_0 .net *"_ivl_39", 0 0, L_0000026876b8b5d0;  1 drivers
v0000026876b7a580_0 .net *"_ivl_392", 0 0, L_0000026876b91060;  1 drivers
v0000026876b7b2a0_0 .net *"_ivl_393", 0 0, L_0000026876b95b10;  1 drivers
v0000026876b7a620_0 .net *"_ivl_396", 0 0, L_0000026876b8fda0;  1 drivers
v0000026876b7b980_0 .net *"_ivl_397", 0 0, L_0000026876b96750;  1 drivers
v0000026876b7af80_0 .net *"_ivl_399", 0 0, L_0000026876b96360;  1 drivers
v0000026876b7ba20_0 .net *"_ivl_40", 0 0, L_0000026876b8e780;  1 drivers
v0000026876b7abc0_0 .net *"_ivl_402", 0 0, L_0000026876b8fee0;  1 drivers
v0000026876b7bac0_0 .net *"_ivl_404", 0 0, L_0000026876b902a0;  1 drivers
v0000026876b7a9e0_0 .net *"_ivl_405", 0 0, L_0000026876b95aa0;  1 drivers
v0000026876b7b520_0 .net *"_ivl_408", 0 0, L_0000026876b91d80;  1 drivers
v0000026876b7be80_0 .net *"_ivl_409", 0 0, L_0000026876b96830;  1 drivers
v0000026876b7b5c0_0 .net *"_ivl_412", 0 0, L_0000026876b91880;  1 drivers
v0000026876b7b0c0_0 .net *"_ivl_413", 0 0, L_0000026876b95a30;  1 drivers
v0000026876b7b660_0 .net *"_ivl_416", 0 0, L_0000026876b91ec0;  1 drivers
v0000026876b7a6c0_0 .net *"_ivl_417", 0 0, L_0000026876b963d0;  1 drivers
v0000026876b7bf20_0 .net *"_ivl_42", 0 0, L_0000026876b8dad0;  1 drivers
v0000026876b7bb60_0 .net *"_ivl_420", 0 0, L_0000026876b914c0;  1 drivers
v0000026876b7b020_0 .net *"_ivl_421", 0 0, L_0000026876b95b80;  1 drivers
v0000026876b7aa80_0 .net *"_ivl_423", 0 0, L_0000026876b95cd0;  1 drivers
v0000026876b7bc00_0 .net *"_ivl_426", 0 0, L_0000026876b920a0;  1 drivers
v0000026876b7bca0_0 .net *"_ivl_428", 0 0, L_0000026876b90020;  1 drivers
v0000026876b7b840_0 .net *"_ivl_429", 0 0, L_0000026876b95950;  1 drivers
v0000026876b7bd40_0 .net *"_ivl_432", 0 0, L_0000026876b90fc0;  1 drivers
v0000026876b7b160_0 .net *"_ivl_433", 0 0, L_0000026876b959c0;  1 drivers
v0000026876b7b700_0 .net *"_ivl_436", 0 0, L_0000026876b900c0;  1 drivers
v0000026876b7a3a0_0 .net *"_ivl_437", 0 0, L_0000026876b95bf0;  1 drivers
v0000026876b7ab20_0 .net *"_ivl_440", 0 0, L_0000026876b91ba0;  1 drivers
v0000026876b7a300_0 .net *"_ivl_441", 0 0, L_0000026876b95db0;  1 drivers
v0000026876b7b340_0 .net *"_ivl_444", 0 0, L_0000026876b91100;  1 drivers
v0000026876b7ad00_0 .net *"_ivl_445", 0 0, L_0000026876b95e20;  1 drivers
v0000026876b7b3e0_0 .net *"_ivl_448", 0 0, L_0000026876b90340;  1 drivers
v0000026876b7a080_0 .net *"_ivl_449", 0 0, L_0000026876b95e90;  1 drivers
v0000026876b7b7a0_0 .net *"_ivl_451", 0 0, L_0000026876b976f0;  1 drivers
v0000026876b7a120_0 .net *"_ivl_454", 0 0, L_0000026876b8f940;  1 drivers
v0000026876b7ada0_0 .net *"_ivl_456", 0 0, L_0000026876b91920;  1 drivers
v0000026876b7a1c0_0 .net *"_ivl_457", 0 0, L_0000026876b97300;  1 drivers
v0000026876b7a260_0 .net *"_ivl_460", 0 0, L_0000026876b8fb20;  1 drivers
v0000026876b7a440_0 .net *"_ivl_461", 0 0, L_0000026876b96e30;  1 drivers
v0000026876b7a4e0_0 .net *"_ivl_464", 0 0, L_0000026876b90200;  1 drivers
v0000026876b7a760_0 .net *"_ivl_465", 0 0, L_0000026876b96c00;  1 drivers
v0000026876b7a800_0 .net *"_ivl_468", 0 0, L_0000026876b91e20;  1 drivers
v0000026876b7a8a0_0 .net *"_ivl_469", 0 0, L_0000026876b96f80;  1 drivers
v0000026876b7a940_0 .net *"_ivl_47", 0 0, L_0000026876b8b670;  1 drivers
v0000026876b8a6d0_0 .net *"_ivl_472", 0 0, L_0000026876b905c0;  1 drivers
v0000026876b8a950_0 .net *"_ivl_473", 0 0, L_0000026876b97220;  1 drivers
v0000026876b8a130_0 .net *"_ivl_476", 0 0, L_0000026876b92000;  1 drivers
v0000026876b89910_0 .net *"_ivl_477", 0 0, L_0000026876b974c0;  1 drivers
v0000026876b8bad0_0 .net *"_ivl_480", 0 0, L_0000026876b919c0;  1 drivers
v0000026876b8bd50_0 .net *"_ivl_481", 0 0, L_0000026876b97370;  1 drivers
v0000026876b8b710_0 .net *"_ivl_483", 0 0, L_0000026876b96b90;  1 drivers
v0000026876b8a770_0 .net *"_ivl_486", 0 0, L_0000026876b90b60;  1 drivers
v0000026876b89e10_0 .net *"_ivl_488", 0 0, L_0000026876b90700;  1 drivers
v0000026876b8b0d0_0 .net *"_ivl_49", 0 0, L_0000026876b8b7b0;  1 drivers
v0000026876b8bcb0_0 .net *"_ivl_490", 0 0, L_0000026876b911a0;  1 drivers
v0000026876b8a8b0_0 .net *"_ivl_491", 0 0, L_0000026876b970d0;  1 drivers
v0000026876b8b990_0 .net *"_ivl_495", 7 0, L_0000026876b97060;  1 drivers
v0000026876b8be90_0 .net *"_ivl_51", 0 0, L_0000026876b8d6f0;  1 drivers
v0000026876b8b3f0_0 .net *"_ivl_52", 0 0, L_0000026876b8df30;  1 drivers
v0000026876b8b850_0 .net *"_ivl_54", 0 0, L_0000026876b8e1d0;  1 drivers
v0000026876b8bdf0_0 .net *"_ivl_57", 0 0, L_0000026876b8c4d0;  1 drivers
v0000026876b899b0_0 .net *"_ivl_59", 0 0, L_0000026876b8c570;  1 drivers
v0000026876b89d70_0 .net *"_ivl_60", 0 0, L_0000026876b8e2b0;  1 drivers
v0000026876b89eb0_0 .net *"_ivl_63", 0 0, L_0000026876b8d330;  1 drivers
v0000026876b8ae50_0 .net *"_ivl_64", 0 0, L_0000026876b8dbb0;  1 drivers
v0000026876b8a3b0_0 .net *"_ivl_66", 0 0, L_0000026876b8dc20;  1 drivers
v0000026876b8bf30_0 .net *"_ivl_69", 0 0, L_0000026876b8c2f0;  1 drivers
v0000026876b8ba30_0 .net *"_ivl_7", 0 0, L_0000026876b8db40;  1 drivers
v0000026876b8a4f0_0 .net *"_ivl_71", 0 0, L_0000026876b8d470;  1 drivers
v0000026876b89b90_0 .net *"_ivl_72", 0 0, L_0000026876b8dde0;  1 drivers
v0000026876b8ad10_0 .net *"_ivl_75", 0 0, L_0000026876b8c390;  1 drivers
v0000026876b8bfd0_0 .net *"_ivl_76", 0 0, L_0000026876b8e010;  1 drivers
v0000026876b8bb70_0 .net *"_ivl_79", 0 0, L_0000026876b8c430;  1 drivers
v0000026876b8a590_0 .net *"_ivl_80", 0 0, L_0000026876b8dd70;  1 drivers
v0000026876b89c30_0 .net *"_ivl_82", 0 0, L_0000026876b8d9f0;  1 drivers
v0000026876b8adb0_0 .net *"_ivl_87", 0 0, L_0000026876b8d790;  1 drivers
v0000026876b8b210_0 .net *"_ivl_89", 0 0, L_0000026876b8cc50;  1 drivers
v0000026876b8a450_0 .net *"_ivl_91", 0 0, L_0000026876b8c750;  1 drivers
v0000026876b8b490_0 .net *"_ivl_92", 0 0, L_0000026876b8da60;  1 drivers
v0000026876b8bc10_0 .net *"_ivl_94", 0 0, L_0000026876b8e5c0;  1 drivers
v0000026876b8b2b0_0 .net *"_ivl_97", 0 0, L_0000026876b8d650;  1 drivers
v0000026876b8c070_0 .net *"_ivl_99", 0 0, L_0000026876b8cf70;  1 drivers
v0000026876b89a50_0 .net "a", 7 0, v0000026876b89af0_0;  1 drivers
v0000026876b8a810_0 .net "b", 7 0, v0000026876b89cd0_0;  1 drivers
v0000026876b8b350_0 .net "c", 7 0, L_0000026876b928c0;  1 drivers
v0000026876b8af90_0 .net "cin", 0 0, v0000026876b8b8f0_0;  1 drivers
v0000026876b8a9f0_0 .net "cout", 0 0, L_0000026876b96ea0;  alias, 1 drivers
v0000026876b8a270_0 .net "g", 7 0, L_0000026876b06740;  1 drivers
v0000026876b89f50_0 .net "p", 7 0, L_0000026876b8d980;  1 drivers
v0000026876b8b530_0 .net "sum", 7 0, L_0000026876b96ff0;  alias, 1 drivers
L_0000026876b89ff0 .part L_0000026876b06740, 0, 1;
L_0000026876b8ac70 .part L_0000026876b8d980, 0, 1;
L_0000026876b8b030 .part L_0000026876b928c0, 0, 1;
L_0000026876b8a090 .part L_0000026876b06740, 1, 1;
L_0000026876b8aef0 .part L_0000026876b8d980, 1, 1;
L_0000026876b8a1d0 .part L_0000026876b06740, 0, 1;
L_0000026876b8b170 .part L_0000026876b8d980, 1, 1;
L_0000026876b8a310 .part L_0000026876b8d980, 0, 1;
L_0000026876b8b5d0 .part L_0000026876b928c0, 0, 1;
L_0000026876b8b670 .part L_0000026876b06740, 2, 1;
L_0000026876b8b7b0 .part L_0000026876b8d980, 2, 1;
L_0000026876b8d6f0 .part L_0000026876b06740, 1, 1;
L_0000026876b8c4d0 .part L_0000026876b8d980, 2, 1;
L_0000026876b8c570 .part L_0000026876b8d980, 1, 1;
L_0000026876b8d330 .part L_0000026876b06740, 0, 1;
L_0000026876b8c2f0 .part L_0000026876b8d980, 2, 1;
L_0000026876b8d470 .part L_0000026876b8d980, 1, 1;
L_0000026876b8c390 .part L_0000026876b8d980, 0, 1;
L_0000026876b8c430 .part L_0000026876b928c0, 0, 1;
L_0000026876b8d790 .part L_0000026876b06740, 3, 1;
L_0000026876b8cc50 .part L_0000026876b8d980, 3, 1;
L_0000026876b8c750 .part L_0000026876b06740, 2, 1;
L_0000026876b8d650 .part L_0000026876b8d980, 3, 1;
L_0000026876b8cf70 .part L_0000026876b8d980, 2, 1;
L_0000026876b8d010 .part L_0000026876b06740, 1, 1;
L_0000026876b8d3d0 .part L_0000026876b8d980, 3, 1;
L_0000026876b8c610 .part L_0000026876b8d980, 2, 1;
L_0000026876b8c6b0 .part L_0000026876b8d980, 1, 1;
L_0000026876b8c930 .part L_0000026876b06740, 0, 1;
L_0000026876b8c7f0 .part L_0000026876b8d980, 3, 1;
L_0000026876b8d510 .part L_0000026876b8d980, 2, 1;
L_0000026876b8c890 .part L_0000026876b8d980, 1, 1;
L_0000026876b8c9d0 .part L_0000026876b8d980, 0, 1;
L_0000026876b8ca70 .part L_0000026876b928c0, 0, 1;
L_0000026876b8cb10 .part L_0000026876b06740, 4, 1;
L_0000026876b8d290 .part L_0000026876b8d980, 4, 1;
L_0000026876b8cbb0 .part L_0000026876b06740, 3, 1;
L_0000026876b8d5b0 .part L_0000026876b8d980, 4, 1;
L_0000026876b8ccf0 .part L_0000026876b8d980, 3, 1;
L_0000026876b8c110 .part L_0000026876b06740, 2, 1;
L_0000026876b8cd90 .part L_0000026876b8d980, 4, 1;
L_0000026876b8d0b0 .part L_0000026876b8d980, 3, 1;
L_0000026876b8ce30 .part L_0000026876b8d980, 2, 1;
L_0000026876b8d1f0 .part L_0000026876b06740, 1, 1;
L_0000026876b8ced0 .part L_0000026876b8d980, 4, 1;
L_0000026876b8d150 .part L_0000026876b8d980, 3, 1;
L_0000026876b8c1b0 .part L_0000026876b8d980, 2, 1;
L_0000026876b8c250 .part L_0000026876b8d980, 1, 1;
L_0000026876b932c0 .part L_0000026876b06740, 0, 1;
L_0000026876b93540 .part L_0000026876b8d980, 4, 1;
L_0000026876b93360 .part L_0000026876b8d980, 3, 1;
L_0000026876b926e0 .part L_0000026876b8d980, 2, 1;
L_0000026876b92be0 .part L_0000026876b8d980, 1, 1;
L_0000026876b92b40 .part L_0000026876b8d980, 0, 1;
L_0000026876b92d20 .part L_0000026876b928c0, 0, 1;
L_0000026876b93400 .part L_0000026876b06740, 5, 1;
L_0000026876b92c80 .part L_0000026876b8d980, 5, 1;
L_0000026876b93680 .part L_0000026876b06740, 4, 1;
L_0000026876b92e60 .part L_0000026876b8d980, 5, 1;
L_0000026876b92640 .part L_0000026876b8d980, 4, 1;
L_0000026876b923c0 .part L_0000026876b06740, 3, 1;
L_0000026876b934a0 .part L_0000026876b8d980, 5, 1;
L_0000026876b92460 .part L_0000026876b8d980, 4, 1;
L_0000026876b935e0 .part L_0000026876b8d980, 3, 1;
L_0000026876b92f00 .part L_0000026876b06740, 2, 1;
L_0000026876b92140 .part L_0000026876b8d980, 5, 1;
L_0000026876b92a00 .part L_0000026876b8d980, 4, 1;
L_0000026876b93720 .part L_0000026876b8d980, 3, 1;
L_0000026876b937c0 .part L_0000026876b8d980, 2, 1;
L_0000026876b92aa0 .part L_0000026876b06740, 1, 1;
L_0000026876b92dc0 .part L_0000026876b8d980, 5, 1;
L_0000026876b921e0 .part L_0000026876b8d980, 4, 1;
L_0000026876b92280 .part L_0000026876b8d980, 3, 1;
L_0000026876b92fa0 .part L_0000026876b8d980, 2, 1;
L_0000026876b92320 .part L_0000026876b8d980, 1, 1;
L_0000026876b925a0 .part L_0000026876b06740, 0, 1;
L_0000026876b92780 .part L_0000026876b8d980, 5, 1;
L_0000026876b93040 .part L_0000026876b8d980, 4, 1;
L_0000026876b930e0 .part L_0000026876b8d980, 3, 1;
L_0000026876b92820 .part L_0000026876b8d980, 2, 1;
L_0000026876b93180 .part L_0000026876b8d980, 1, 1;
L_0000026876b93220 .part L_0000026876b8d980, 0, 1;
L_0000026876b92500 .part L_0000026876b928c0, 0, 1;
LS_0000026876b928c0_0_0 .concat8 [ 1 1 1 1], L_0000026876b8db40, L_0000026876b8e550, L_0000026876b8dad0, L_0000026876b8d9f0;
LS_0000026876b928c0_0_4 .concat8 [ 1 1 1 1], L_0000026876b8e400, L_0000026876b8f410, L_0000026876b960c0, L_0000026876b96b90;
L_0000026876b928c0 .concat8 [ 4 4 0 0], LS_0000026876b928c0_0_0, LS_0000026876b928c0_0_4;
L_0000026876b92960 .part L_0000026876b06740, 6, 1;
L_0000026876b90e80 .part L_0000026876b8d980, 6, 1;
L_0000026876b91ce0 .part L_0000026876b06740, 5, 1;
L_0000026876b8ff80 .part L_0000026876b8d980, 6, 1;
L_0000026876b90d40 .part L_0000026876b8d980, 5, 1;
L_0000026876b8f9e0 .part L_0000026876b06740, 4, 1;
L_0000026876b903e0 .part L_0000026876b8d980, 6, 1;
L_0000026876b90de0 .part L_0000026876b8d980, 5, 1;
L_0000026876b90980 .part L_0000026876b8d980, 4, 1;
L_0000026876b917e0 .part L_0000026876b06740, 3, 1;
L_0000026876b90160 .part L_0000026876b8d980, 6, 1;
L_0000026876b8fe40 .part L_0000026876b8d980, 5, 1;
L_0000026876b8fd00 .part L_0000026876b8d980, 4, 1;
L_0000026876b91060 .part L_0000026876b8d980, 3, 1;
L_0000026876b8fda0 .part L_0000026876b06740, 2, 1;
L_0000026876b8fee0 .part L_0000026876b8d980, 6, 1;
L_0000026876b902a0 .part L_0000026876b8d980, 5, 1;
L_0000026876b91d80 .part L_0000026876b8d980, 4, 1;
L_0000026876b91880 .part L_0000026876b8d980, 3, 1;
L_0000026876b91ec0 .part L_0000026876b8d980, 2, 1;
L_0000026876b914c0 .part L_0000026876b06740, 1, 1;
L_0000026876b920a0 .part L_0000026876b8d980, 6, 1;
L_0000026876b90020 .part L_0000026876b8d980, 5, 1;
L_0000026876b90fc0 .part L_0000026876b8d980, 4, 1;
L_0000026876b900c0 .part L_0000026876b8d980, 3, 1;
L_0000026876b91ba0 .part L_0000026876b8d980, 2, 1;
L_0000026876b91100 .part L_0000026876b8d980, 1, 1;
L_0000026876b90340 .part L_0000026876b06740, 0, 1;
L_0000026876b8f940 .part L_0000026876b8d980, 6, 1;
L_0000026876b91920 .part L_0000026876b8d980, 5, 1;
L_0000026876b8fb20 .part L_0000026876b8d980, 4, 1;
L_0000026876b90200 .part L_0000026876b8d980, 3, 1;
L_0000026876b91e20 .part L_0000026876b8d980, 2, 1;
L_0000026876b905c0 .part L_0000026876b8d980, 1, 1;
L_0000026876b92000 .part L_0000026876b8d980, 0, 1;
L_0000026876b919c0 .part L_0000026876b928c0, 0, 1;
L_0000026876b90b60 .part L_0000026876b06740, 7, 1;
L_0000026876b90700 .part L_0000026876b8d980, 7, 1;
L_0000026876b911a0 .part L_0000026876b928c0, 7, 1;
    .scope S_0000026876ad32a0;
T_0 ;
    %vpi_call 2 84 "$dumpfile", "somador.vcd" {0 0 0};
    %vpi_call 2 85 "$dumpvars", 32'sb00000000000000000000000000000000, S_0000026876ad32a0 {0 0 0};
    %pushi/vec4 0, 0, 8;
    %store/vec4 v0000026876b89af0_0, 0, 8;
    %pushi/vec4 0, 0, 8;
    %store/vec4 v0000026876b89cd0_0, 0, 8;
    %pushi/vec4 0, 0, 1;
    %store/vec4 v0000026876b8b8f0_0, 0, 1;
    %pushi/vec4 0, 0, 8;
    %store/vec4 v0000026876b8aa90_0, 0, 8;
    %pushi/vec4 0, 0, 1;
    %store/vec4 v0000026876b8a630_0, 0, 1;
    %delay 1000, 0;
    %load/vec4 v0000026876b8abd0_0;
    %load/vec4 v0000026876b8aa90_0;
    %cmp/e;
    %flag_mov 8, 4;
    %jmp/0 T_0.0, 8;
    %pushi/vec4 20299, 0, 32; draw_string_vec4
    %jmp/1 T_0.1, 8;
T_0.0 ; End of true expr.
    %pushi/vec4 1163022927, 0, 32; draw_string_vec4
    %jmp/0 T_0.1, 8;
 ; End of false expr.
    %blend;
T_0.1;
    %vpi_call 2 95 "$display", "1) esperado_sum=%b | obtido_soma=%b | %s", v0000026876b8aa90_0, v0000026876b8abd0_0, S<0,vec4,u32> {1 0 0};
    %load/vec4 v0000026876b8ab30_0;
    %load/vec4 v0000026876b8a630_0;
    %cmp/e;
    %flag_mov 8, 4;
    %jmp/0 T_0.2, 8;
    %pushi/vec4 20299, 0, 32; draw_string_vec4
    %jmp/1 T_0.3, 8;
T_0.2 ; End of true expr.
    %pushi/vec4 1163022927, 0, 32; draw_string_vec4
    %jmp/0 T_0.3, 8;
 ; End of false expr.
    %blend;
T_0.3;
    %vpi_call 2 96 "$display", "1) esperado_cout=%b | obtido_cout=%b | %s", v0000026876b8a630_0, v0000026876b8ab30_0, S<0,vec4,u32> {1 0 0};
    %pushi/vec4 255, 0, 8;
    %store/vec4 v0000026876b89af0_0, 0, 8;
    %pushi/vec4 0, 0, 8;
    %store/vec4 v0000026876b89cd0_0, 0, 8;
    %pushi/vec4 1, 0, 1;
    %store/vec4 v0000026876b8b8f0_0, 0, 1;
    %pushi/vec4 0, 0, 8;
    %store/vec4 v0000026876b8aa90_0, 0, 8;
    %pushi/vec4 1, 0, 1;
    %store/vec4 v0000026876b8a630_0, 0, 1;
    %delay 1000, 0;
    %load/vec4 v0000026876b8abd0_0;
    %load/vec4 v0000026876b8aa90_0;
    %cmp/e;
    %flag_mov 8, 4;
    %jmp/0 T_0.4, 8;
    %pushi/vec4 20299, 0, 32; draw_string_vec4
    %jmp/1 T_0.5, 8;
T_0.4 ; End of true expr.
    %pushi/vec4 1163022927, 0, 32; draw_string_vec4
    %jmp/0 T_0.5, 8;
 ; End of false expr.
    %blend;
T_0.5;
    %vpi_call 2 106 "$display", "2) esperado_sum=%b | obtido_soma=%b | %s", v0000026876b8aa90_0, v0000026876b8abd0_0, S<0,vec4,u32> {1 0 0};
    %load/vec4 v0000026876b8ab30_0;
    %load/vec4 v0000026876b8a630_0;
    %cmp/e;
    %flag_mov 8, 4;
    %jmp/0 T_0.6, 8;
    %pushi/vec4 20299, 0, 32; draw_string_vec4
    %jmp/1 T_0.7, 8;
T_0.6 ; End of true expr.
    %pushi/vec4 1163022927, 0, 32; draw_string_vec4
    %jmp/0 T_0.7, 8;
 ; End of false expr.
    %blend;
T_0.7;
    %vpi_call 2 107 "$display", "2) esperado_cout=%b | obtido_cout=%b | %s", v0000026876b8a630_0, v0000026876b8ab30_0, S<0,vec4,u32> {1 0 0};
    %pushi/vec4 0, 0, 8;
    %store/vec4 v0000026876b89af0_0, 0, 8;
    %pushi/vec4 255, 0, 8;
    %store/vec4 v0000026876b89cd0_0, 0, 8;
    %pushi/vec4 1, 0, 1;
    %store/vec4 v0000026876b8b8f0_0, 0, 1;
    %pushi/vec4 0, 0, 8;
    %store/vec4 v0000026876b8aa90_0, 0, 8;
    %pushi/vec4 1, 0, 1;
    %store/vec4 v0000026876b8a630_0, 0, 1;
    %delay 1000, 0;
    %load/vec4 v0000026876b8abd0_0;
    %load/vec4 v0000026876b8aa90_0;
    %cmp/e;
    %flag_mov 8, 4;
    %jmp/0 T_0.8, 8;
    %pushi/vec4 20299, 0, 32; draw_string_vec4
    %jmp/1 T_0.9, 8;
T_0.8 ; End of true expr.
    %pushi/vec4 1163022927, 0, 32; draw_string_vec4
    %jmp/0 T_0.9, 8;
 ; End of false expr.
    %blend;
T_0.9;
    %vpi_call 2 117 "$display", "3) esperado_sum=%b | obtido_soma=%b | %s", v0000026876b8aa90_0, v0000026876b8abd0_0, S<0,vec4,u32> {1 0 0};
    %load/vec4 v0000026876b8ab30_0;
    %load/vec4 v0000026876b8a630_0;
    %cmp/e;
    %flag_mov 8, 4;
    %jmp/0 T_0.10, 8;
    %pushi/vec4 20299, 0, 32; draw_string_vec4
    %jmp/1 T_0.11, 8;
T_0.10 ; End of true expr.
    %pushi/vec4 1163022927, 0, 32; draw_string_vec4
    %jmp/0 T_0.11, 8;
 ; End of false expr.
    %blend;
T_0.11;
    %vpi_call 2 118 "$display", "3) esperado_cout=%b | obtido_cout=%b | %s", v0000026876b8a630_0, v0000026876b8ab30_0, S<0,vec4,u32> {1 0 0};
    %pushi/vec4 255, 0, 8;
    %store/vec4 v0000026876b89af0_0, 0, 8;
    %pushi/vec4 255, 0, 8;
    %store/vec4 v0000026876b89cd0_0, 0, 8;
    %pushi/vec4 0, 0, 1;
    %store/vec4 v0000026876b8b8f0_0, 0, 1;
    %pushi/vec4 254, 0, 8;
    %store/vec4 v0000026876b8aa90_0, 0, 8;
    %pushi/vec4 1, 0, 1;
    %store/vec4 v0000026876b8a630_0, 0, 1;
    %delay 1000, 0;
    %load/vec4 v0000026876b8abd0_0;
    %load/vec4 v0000026876b8aa90_0;
    %cmp/e;
    %flag_mov 8, 4;
    %jmp/0 T_0.12, 8;
    %pushi/vec4 20299, 0, 32; draw_string_vec4
    %jmp/1 T_0.13, 8;
T_0.12 ; End of true expr.
    %pushi/vec4 1163022927, 0, 32; draw_string_vec4
    %jmp/0 T_0.13, 8;
 ; End of false expr.
    %blend;
T_0.13;
    %vpi_call 2 128 "$display", "4) esperado_sum=%b | obtido_soma=%b | %s", v0000026876b8aa90_0, v0000026876b8abd0_0, S<0,vec4,u32> {1 0 0};
    %load/vec4 v0000026876b8ab30_0;
    %load/vec4 v0000026876b8a630_0;
    %cmp/e;
    %flag_mov 8, 4;
    %jmp/0 T_0.14, 8;
    %pushi/vec4 20299, 0, 32; draw_string_vec4
    %jmp/1 T_0.15, 8;
T_0.14 ; End of true expr.
    %pushi/vec4 1163022927, 0, 32; draw_string_vec4
    %jmp/0 T_0.15, 8;
 ; End of false expr.
    %blend;
T_0.15;
    %vpi_call 2 129 "$display", "4) esperado_cout=%b | obtido_cout=%b | %s", v0000026876b8a630_0, v0000026876b8ab30_0, S<0,vec4,u32> {1 0 0};
    %pushi/vec4 255, 0, 8;
    %store/vec4 v0000026876b89af0_0, 0, 8;
    %pushi/vec4 255, 0, 8;
    %store/vec4 v0000026876b89cd0_0, 0, 8;
    %pushi/vec4 1, 0, 1;
    %store/vec4 v0000026876b8b8f0_0, 0, 1;
    %pushi/vec4 255, 0, 8;
    %store/vec4 v0000026876b8aa90_0, 0, 8;
    %pushi/vec4 1, 0, 1;
    %store/vec4 v0000026876b8a630_0, 0, 1;
    %delay 1000, 0;
    %load/vec4 v0000026876b8abd0_0;
    %load/vec4 v0000026876b8aa90_0;
    %cmp/e;
    %flag_mov 8, 4;
    %jmp/0 T_0.16, 8;
    %pushi/vec4 20299, 0, 32; draw_string_vec4
    %jmp/1 T_0.17, 8;
T_0.16 ; End of true expr.
    %pushi/vec4 1163022927, 0, 32; draw_string_vec4
    %jmp/0 T_0.17, 8;
 ; End of false expr.
    %blend;
T_0.17;
    %vpi_call 2 139 "$display", "5) esperado_sum=%b | obtido_soma=%b | %s", v0000026876b8aa90_0, v0000026876b8abd0_0, S<0,vec4,u32> {1 0 0};
    %load/vec4 v0000026876b8ab30_0;
    %load/vec4 v0000026876b8a630_0;
    %cmp/e;
    %flag_mov 8, 4;
    %jmp/0 T_0.18, 8;
    %pushi/vec4 20299, 0, 32; draw_string_vec4
    %jmp/1 T_0.19, 8;
T_0.18 ; End of true expr.
    %pushi/vec4 1163022927, 0, 32; draw_string_vec4
    %jmp/0 T_0.19, 8;
 ; End of false expr.
    %blend;
T_0.19;
    %vpi_call 2 140 "$display", "5) esperado_cout=%b | obtido_cout=%b | %s", v0000026876b8a630_0, v0000026876b8ab30_0, S<0,vec4,u32> {1 0 0};
    %pushi/vec4 3, 0, 8;
    %store/vec4 v0000026876b89af0_0, 0, 8;
    %pushi/vec4 1, 0, 8;
    %store/vec4 v0000026876b89cd0_0, 0, 8;
    %pushi/vec4 0, 0, 1;
    %store/vec4 v0000026876b8b8f0_0, 0, 1;
    %pushi/vec4 4, 0, 8;
    %store/vec4 v0000026876b8aa90_0, 0, 8;
    %pushi/vec4 0, 0, 1;
    %store/vec4 v0000026876b8a630_0, 0, 1;
    %delay 1000, 0;
    %load/vec4 v0000026876b8abd0_0;
    %load/vec4 v0000026876b8aa90_0;
    %cmp/e;
    %flag_mov 8, 4;
    %jmp/0 T_0.20, 8;
    %pushi/vec4 20299, 0, 32; draw_string_vec4
    %jmp/1 T_0.21, 8;
T_0.20 ; End of true expr.
    %pushi/vec4 1163022927, 0, 32; draw_string_vec4
    %jmp/0 T_0.21, 8;
 ; End of false expr.
    %blend;
T_0.21;
    %vpi_call 2 150 "$display", "6) esperado_sum=%b | obtido_soma=%b | %s", v0000026876b8aa90_0, v0000026876b8abd0_0, S<0,vec4,u32> {1 0 0};
    %load/vec4 v0000026876b8ab30_0;
    %load/vec4 v0000026876b8a630_0;
    %cmp/e;
    %flag_mov 8, 4;
    %jmp/0 T_0.22, 8;
    %pushi/vec4 20299, 0, 32; draw_string_vec4
    %jmp/1 T_0.23, 8;
T_0.22 ; End of true expr.
    %pushi/vec4 1163022927, 0, 32; draw_string_vec4
    %jmp/0 T_0.23, 8;
 ; End of false expr.
    %blend;
T_0.23;
    %vpi_call 2 151 "$display", "6) esperado_cout=%b | obtido_cout=%b | %s", v0000026876b8a630_0, v0000026876b8ab30_0, S<0,vec4,u32> {1 0 0};
    %pushi/vec4 3, 0, 8;
    %store/vec4 v0000026876b89af0_0, 0, 8;
    %pushi/vec4 1, 0, 8;
    %store/vec4 v0000026876b89cd0_0, 0, 8;
    %pushi/vec4 1, 0, 1;
    %store/vec4 v0000026876b8b8f0_0, 0, 1;
    %pushi/vec4 5, 0, 8;
    %store/vec4 v0000026876b8aa90_0, 0, 8;
    %pushi/vec4 0, 0, 1;
    %store/vec4 v0000026876b8a630_0, 0, 1;
    %delay 1000, 0;
    %load/vec4 v0000026876b8abd0_0;
    %load/vec4 v0000026876b8aa90_0;
    %cmp/e;
    %flag_mov 8, 4;
    %jmp/0 T_0.24, 8;
    %pushi/vec4 20299, 0, 32; draw_string_vec4
    %jmp/1 T_0.25, 8;
T_0.24 ; End of true expr.
    %pushi/vec4 1163022927, 0, 32; draw_string_vec4
    %jmp/0 T_0.25, 8;
 ; End of false expr.
    %blend;
T_0.25;
    %vpi_call 2 161 "$display", "7) esperado_sum=%b | obtido_soma=%b | %s", v0000026876b8aa90_0, v0000026876b8abd0_0, S<0,vec4,u32> {1 0 0};
    %load/vec4 v0000026876b8ab30_0;
    %load/vec4 v0000026876b8a630_0;
    %cmp/e;
    %flag_mov 8, 4;
    %jmp/0 T_0.26, 8;
    %pushi/vec4 20299, 0, 32; draw_string_vec4
    %jmp/1 T_0.27, 8;
T_0.26 ; End of true expr.
    %pushi/vec4 1163022927, 0, 32; draw_string_vec4
    %jmp/0 T_0.27, 8;
 ; End of false expr.
    %blend;
T_0.27;
    %vpi_call 2 162 "$display", "7) esperado_cout=%b | obtido_cout=%b | %s", v0000026876b8a630_0, v0000026876b8ab30_0, S<0,vec4,u32> {1 0 0};
    %vpi_call 2 165 "$finish" {0 0 0};
    %end;
    .thread T_0;
    .scope S_0000026876ad32a0;
T_1 ;
    %vpi_call 2 170 "$monitor", "Tempo: %0t, A=%d, B=%d, Cin=%b, Sum=%d, Cout=%b", $time, v0000026876b89af0_0, v0000026876b89cd0_0, v0000026876b8b8f0_0, v0000026876b8abd0_0, v0000026876b8ab30_0 {0 0 0};
    %end;
    .thread T_1;
# The file index is used to find the file name in the following table.
:file_names 3;
    "N/A";
    "<interactive>";
    "tb_rc.v";
